# JRE version: Java(TM) SE Runtime Environment (8.0_192-b12) (build 1.8.0_192-b12)
# Java VM: Java HotSpot(TM) 64-Bit Server VM (25.192-b12 mixed mode linux-amd64 compressed oops)
Heap:
 PSYoungGen      total 106496K, used 45720K [0x00000000e1000000, 0x00000000ed800000, 0x0000000100000000)
  eden space 98304K, 38% used [0x00000000e1000000,0x00000000e34aa938,0x00000000e7000000)
  from space 8192K, 99% used [0x00000000e7000000,0x00000000e77fb8f0,0x00000000e7800000)
  to   space 10240K, 0% used [0x00000000ece00000,0x00000000ece00000,0x00000000ed800000)
 ParOldGen       total 36864K, used 6392K [0x00000000a3000000, 0x00000000a5400000, 0x00000000e1000000)
  object space 36864K, 17% used [0x00000000a3000000,0x00000000a363e2b8,0x00000000a5400000)
 Metaspace       used 30742K, capacity 32646K, committed 33024K, reserved 1077248K
  class space    used 3912K, capacity 4229K, committed 4352K, reserved 1048576K
GC Heap History (10 events):
Event: 2.455 GC heap before
{Heap before GC invocations=4 (full 0):
 PSYoungGen      total 28160K, used 28137K [0x00000000e1000000, 0x00000000e4700000, 0x0000000100000000)
  eden space 24576K, 100% used [0x00000000e1000000,0x00000000e2800000,0x00000000e2800000)
  from space 3584K, 99% used [0x00000000e2800000,0x00000000e2b7a6d0,0x00000000e2b80000)
  to   space 3584K, 0% used [0x00000000e4380000,0x00000000e4380000,0x00000000e4700000)
 ParOldGen       total 64512K, used 2832K [0x00000000a3000000, 0x00000000a6f00000, 0x00000000e1000000)
  object space 64512K, 4% used [0x00000000a3000000,0x00000000a32c4000,0x00000000a6f00000)
 Metaspace       used 16451K, capacity 17036K, committed 17408K, reserved 1064960K
  class space    used 2027K, capacity 2190K, committed 2304K, reserved 1048576K
Event: 2.464 GC heap after
Heap after GC invocations=4 (full 0):
 PSYoungGen      total 52736K, used 3552K [0x00000000e1000000, 0x00000000e4700000, 0x0000000100000000)
  eden space 49152K, 0% used [0x00000000e1000000,0x00000000e1000000,0x00000000e4000000)
  from space 3584K, 99% used [0x00000000e4380000,0x00000000e46f8020,0x00000000e4700000)
  to   space 3584K, 0% used [0x00000000e4000000,0x00000000e4000000,0x00000000e4380000)
 ParOldGen       total 64512K, used 4815K [0x00000000a3000000, 0x00000000a6f00000, 0x00000000e1000000)
  object space 64512K, 7% used [0x00000000a3000000,0x00000000a34b3c98,0x00000000a6f00000)
 Metaspace       used 16451K, capacity 17036K, committed 17408K, reserved 1064960K
  class space    used 2027K, capacity 2190K, committed 2304K, reserved 1048576K
}
Event: 2.964 GC heap before
{Heap before GC invocations=5 (full 0):
 PSYoungGen      total 52736K, used 52704K [0x00000000e1000000, 0x00000000e4700000, 0x0000000100000000)
  eden space 49152K, 100% used [0x00000000e1000000,0x00000000e4000000,0x00000000e4000000)
  from space 3584K, 99% used [0x00000000e4380000,0x00000000e46f8020,0x00000000e4700000)
  to   space 3584K, 0% used [0x00000000e4000000,0x00000000e4000000,0x00000000e4380000)
 ParOldGen       total 64512K, used 4818K [0x00000000a3000000, 0x00000000a6f00000, 0x00000000e1000000)
  object space 64512K, 7% used [0x00000000a3000000,0x00000000a34b4a90,0x00000000a6f00000)
 Metaspace       used 20034K, capacity 20764K, committed 20864K, reserved 1067008K
  class space    used 2498K, capacity 2684K, committed 2688K, reserved 1048576K
Event: 2.971 GC heap after
Heap after GC invocations=5 (full 0):
 PSYoungGen      total 52736K, used 3557K [0x00000000e1000000, 0x00000000e8100000, 0x0000000100000000)
  eden space 49152K, 0% used [0x00000000e1000000,0x00000000e1000000,0x00000000e4000000)
  from space 3584K, 99% used [0x00000000e4000000,0x00000000e4379468,0x00000000e4380000)
  to   space 8704K, 0% used [0x00000000e7880000,0x00000000e7880000,0x00000000e8100000)
 ParOldGen       total 64512K, used 9259K [0x00000000a3000000, 0x00000000a6f00000, 0x00000000e1000000)
  object space 64512K, 14% used [0x00000000a3000000,0x00000000a390ac10,0x00000000a6f00000)
 Metaspace       used 20034K, capacity 20764K, committed 20864K, reserved 1067008K
  class space    used 2498K, capacity 2684K, committed 2688K, reserved 1048576K
}
Event: 2.996 GC heap before
{Heap before GC invocations=6 (full 0):
 PSYoungGen      total 52736K, used 6127K [0x00000000e1000000, 0x00000000e8100000, 0x0000000100000000)
  eden space 49152K, 5% used [0x00000000e1000000,0x00000000e12827c8,0x00000000e4000000)
  from space 3584K, 99% used [0x00000000e4000000,0x00000000e4379468,0x00000000e4380000)
  to   space 8704K, 0% used [0x00000000e7880000,0x00000000e7880000,0x00000000e8100000)
 ParOldGen       total 64512K, used 9259K [0x00000000a3000000, 0x00000000a6f00000, 0x00000000e1000000)
  object space 64512K, 14% used [0x00000000a3000000,0x00000000a390ac10,0x00000000a6f00000)
 Metaspace       used 20283K, capacity 21092K, committed 21248K, reserved 1067008K
  class space    used 2528K, capacity 2722K, committed 2816K, reserved 1048576K
Event: 3.004 GC heap after
Heap after GC invocations=6 (full 0):
 PSYoungGen      total 105984K, used 3940K [0x00000000e1000000, 0x00000000e8000000, 0x0000000100000000)
  eden space 98304K, 0% used [0x00000000e1000000,0x00000000e1000000,0x00000000e7000000)
  from space 7680K, 51% used [0x00000000e7880000,0x00000000e7c590b0,0x00000000e8000000)
  to   space 8192K, 0% used [0x00000000e7000000,0x00000000e7000000,0x00000000e7800000)
 ParOldGen       total 64512K, used 9267K [0x00000000a3000000, 0x00000000a6f00000, 0x00000000e1000000)
  object space 64512K, 14% used [0x00000000a3000000,0x00000000a390cc10,0x00000000a6f00000)
 Metaspace       used 20283K, capacity 21092K, committed 21248K, reserved 1067008K
  class space    used 2528K, capacity 2722K, committed 2816K, reserved 1048576K
}
Event: 3.004 GC heap before
{Heap before GC invocations=7 (full 1):
 PSYoungGen      total 105984K, used 3940K [0x00000000e1000000, 0x00000000e8000000, 0x0000000100000000)
  eden space 98304K, 0% used [0x00000000e1000000,0x00000000e1000000,0x00000000e7000000)
  from space 7680K, 51% used [0x00000000e7880000,0x00000000e7c590b0,0x00000000e8000000)
  to   space 8192K, 0% used [0x00000000e7000000,0x00000000e7000000,0x00000000e7800000)
 ParOldGen       total 64512K, used 9267K [0x00000000a3000000, 0x00000000a6f00000, 0x00000000e1000000)
  object space 64512K, 14% used [0x00000000a3000000,0x00000000a390cc10,0x00000000a6f00000)
 Metaspace       used 20283K, capacity 21092K, committed 21248K, reserved 1067008K
  class space    used 2528K, capacity 2722K, committed 2816K, reserved 1048576K
Event: 3.028 GC heap after
Heap after GC invocations=7 (full 1):
 PSYoungGen      total 105984K, used 0K [0x00000000e1000000, 0x00000000e8000000, 0x0000000100000000)
  eden space 98304K, 0% used [0x00000000e1000000,0x00000000e1000000,0x00000000e7000000)
  from space 7680K, 0% used [0x00000000e7880000,0x00000000e7880000,0x00000000e8000000)
  to   space 8192K, 0% used [0x00000000e7000000,0x00000000e7000000,0x00000000e7800000)
 ParOldGen       total 36864K, used 5072K [0x00000000a3000000, 0x00000000a5400000, 0x00000000e1000000)
  object space 36864K, 13% used [0x00000000a3000000,0x00000000a34f4230,0x00000000a5400000)
 Metaspace       used 20283K, capacity 21092K, committed 21248K, reserved 1067008K
  class space    used 2528K, capacity 2722K, committed 2816K, reserved 1048576K
}
Event: 4.396 GC heap before
{Heap before GC invocations=8 (full 1):
 PSYoungGen      total 105984K, used 98304K [0x00000000e1000000, 0x00000000e8000000, 0x0000000100000000)
  eden space 98304K, 100% used [0x00000000e1000000,0x00000000e7000000,0x00000000e7000000)
  from space 7680K, 0% used [0x00000000e7880000,0x00000000e7880000,0x00000000e8000000)
  to   space 8192K, 0% used [0x00000000e7000000,0x00000000e7000000,0x00000000e7800000)
 ParOldGen       total 36864K, used 5072K [0x00000000a3000000, 0x00000000a5400000, 0x00000000e1000000)
  object space 36864K, 13% used [0x00000000a3000000,0x00000000a34f4230,0x00000000a5400000)
 Metaspace       used 27725K, capacity 29210K, committed 29440K, reserved 1075200K
  class space    used 3506K, capacity 3773K, committed 3840K, reserved 1048576K
Event: 4.404 GC heap after
Heap after GC invocations=8 (full 1):
 PSYoungGen      total 106496K, used 8174K [0x00000000e1000000, 0x00000000ed800000, 0x0000000100000000)
  eden space 98304K, 0% used [0x00000000e1000000,0x00000000e1000000,0x00000000e7000000)
  from space 8192K, 99% used [0x00000000e7000000,0x00000000e77fb8f0,0x00000000e7800000)
  to   space 10240K, 0% used [0x00000000ece00000,0x00000000ece00000,0x00000000ed800000)
 ParOldGen       total 36864K, used 6392K [0x00000000a3000000, 0x00000000a5400000, 0x00000000e1000000)
  object space 36864K, 17% used [0x00000000a3000000,0x00000000a363e2b8,0x00000000a5400000)
 Metaspace       used 27725K, capacity 29210K, committed 29440K, reserved 1075200K
  class space    used 3506K, capacity 3773K, committed 3840K, reserved 1048576K
}

