# JRE version: Java(TM) SE Runtime Environment (8.0_192-b12) (build 1.8.0_192-b12)
# Java VM: Java HotSpot(TM) 64-Bit Server VM (25.192-b12 mixed mode linux-amd64 compressed oops)
Heap:
 PSYoungGen      total 77312K, used 32750K [0x00000000e1000000, 0x00000000e8480000, 0x0000000100000000)
  eden space 69120K, 47% used [0x00000000e1000000,0x00000000e2ffb9d8,0x00000000e5380000)
  from space 8192K, 0% used [0x00000000e5380000,0x00000000e5380000,0x00000000e5b80000)
  to   space 8192K, 0% used [0x00000000e7c80000,0x00000000e7c80000,0x00000000e8480000)
 ParOldGen       total 52224K, used 11734K [0x00000000a3000000, 0x00000000a6300000, 0x00000000e1000000)
  object space 52224K, 22% used [0x00000000a3000000,0x00000000a3b75aa0,0x00000000a6300000)
 Metaspace       used 35835K, capacity 37856K, committed 38104K, reserved 1083392K
  class space    used 4386K, capacity 4746K, committed 4864K, reserved 1048576K
GC Heap History (10 events):
Event: 10.326 GC heap before
{Heap before GC invocations=9 (full 1):
 PSYoungGen      total 55296K, used 48128K [0x00000000e1000000, 0x00000000e4d00000, 0x0000000100000000)
  eden space 48128K, 100% used [0x00000000e1000000,0x00000000e3f00000,0x00000000e3f00000)
  from space 7168K, 0% used [0x00000000e3f00000,0x00000000e3f00000,0x00000000e4600000)
  to   space 7168K, 0% used [0x00000000e4600000,0x00000000e4600000,0x00000000e4d00000)
 ParOldGen       total 37888K, used 5644K [0x00000000a3000000, 0x00000000a5500000, 0x00000000e1000000)
  object space 37888K, 14% used [0x00000000a3000000,0x00000000a3583040,0x00000000a5500000)
 Metaspace       used 25779K, capacity 27178K, committed 27392K, reserved 1073152K
  class space    used 3195K, capacity 3457K, committed 3584K, reserved 1048576K
Event: 10.330 GC heap after
Heap after GC invocations=9 (full 1):
 PSYoungGen      total 54784K, used 6506K [0x00000000e1000000, 0x00000000e7380000, 0x0000000100000000)
  eden space 47616K, 0% used [0x00000000e1000000,0x00000000e1000000,0x00000000e3e80000)
  from space 7168K, 90% used [0x00000000e4600000,0x00000000e4c5a848,0x00000000e4d00000)
  to   space 7680K, 0% used [0x00000000e3e80000,0x00000000e3e80000,0x00000000e4600000)
 ParOldGen       total 37888K, used 5652K [0x00000000a3000000, 0x00000000a5500000, 0x00000000e1000000)
  object space 37888K, 14% used [0x00000000a3000000,0x00000000a3585040,0x00000000a5500000)
 Metaspace       used 25779K, capacity 27178K, committed 27392K, reserved 1073152K
  class space    used 3195K, capacity 3457K, committed 3584K, reserved 1048576K
}
Event: 10.714 GC heap before
{Heap before GC invocations=10 (full 1):
 PSYoungGen      total 54784K, used 54122K [0x00000000e1000000, 0x00000000e7380000, 0x0000000100000000)
  eden space 47616K, 100% used [0x00000000e1000000,0x00000000e3e80000,0x00000000e3e80000)
  from space 7168K, 90% used [0x00000000e4600000,0x00000000e4c5a848,0x00000000e4d00000)
  to   space 7680K, 0% used [0x00000000e3e80000,0x00000000e3e80000,0x00000000e4600000)
 ParOldGen       total 37888K, used 5652K [0x00000000a3000000, 0x00000000a5500000, 0x00000000e1000000)
  object space 37888K, 14% used [0x00000000a3000000,0x00000000a3585040,0x00000000a5500000)
 Metaspace       used 27424K, capacity 28864K, committed 29056K, reserved 1075200K
  class space    used 3408K, capacity 3682K, committed 3712K, reserved 1048576K
Event: 10.718 GC heap after
Heap after GC invocations=10 (full 1):
 PSYoungGen      total 55296K, used 5047K [0x00000000e1000000, 0x00000000e6400000, 0x0000000100000000)
  eden space 47616K, 0% used [0x00000000e1000000,0x00000000e1000000,0x00000000e3e80000)
  from space 7680K, 65% used [0x00000000e3e80000,0x00000000e436dfa0,0x00000000e4600000)
  to   space 7680K, 0% used [0x00000000e5c80000,0x00000000e5c80000,0x00000000e6400000)
 ParOldGen       total 37888K, used 5660K [0x00000000a3000000, 0x00000000a5500000, 0x00000000e1000000)
  object space 37888K, 14% used [0x00000000a3000000,0x00000000a3587040,0x00000000a5500000)
 Metaspace       used 27424K, capacity 28864K, committed 29056K, reserved 1075200K
  class space    used 3408K, capacity 3682K, committed 3712K, reserved 1048576K
}
Event: 24.472 GC heap before
{Heap before GC invocations=11 (full 1):
 PSYoungGen      total 55296K, used 52663K [0x00000000e1000000, 0x00000000e6400000, 0x0000000100000000)
  eden space 47616K, 100% used [0x00000000e1000000,0x00000000e3e80000,0x00000000e3e80000)
  from space 7680K, 65% used [0x00000000e3e80000,0x00000000e436dfa0,0x00000000e4600000)
  to   space 7680K, 0% used [0x00000000e5c80000,0x00000000e5c80000,0x00000000e6400000)
 ParOldGen       total 37888K, used 5660K [0x00000000a3000000, 0x00000000a5500000, 0x00000000e1000000)
  object space 37888K, 14% used [0x00000000a3000000,0x00000000a3587040,0x00000000a5500000)
 Metaspace       used 32371K, capacity 34402K, committed 34688K, reserved 1079296K
  class space    used 4006K, capacity 4353K, committed 4480K, reserved 1048576K
Event: 24.481 GC heap after
Heap after GC invocations=11 (full 1):
 PSYoungGen      total 76288K, used 7067K [0x00000000e1000000, 0x00000000e6380000, 0x0000000100000000)
  eden space 69120K, 0% used [0x00000000e1000000,0x00000000e1000000,0x00000000e5380000)
  from space 7168K, 98% used [0x00000000e5c80000,0x00000000e6366c60,0x00000000e6380000)
  to   space 8192K, 0% used [0x00000000e5380000,0x00000000e5380000,0x00000000e5b80000)
 ParOldGen       total 37888K, used 8132K [0x00000000a3000000, 0x00000000a5500000, 0x00000000e1000000)
  object space 37888K, 21% used [0x00000000a3000000,0x00000000a37f10a0,0x00000000a5500000)
 Metaspace       used 32371K, capacity 34402K, committed 34688K, reserved 1079296K
  class space    used 4006K, capacity 4353K, committed 4480K, reserved 1048576K
}
Event: 24.684 GC heap before
{Heap before GC invocations=12 (full 1):
 PSYoungGen      total 76288K, used 14755K [0x00000000e1000000, 0x00000000e6380000, 0x0000000100000000)
  eden space 69120K, 11% used [0x00000000e1000000,0x00000000e1782260,0x00000000e5380000)
  from space 7168K, 98% used [0x00000000e5c80000,0x00000000e6366c60,0x00000000e6380000)
  to   space 8192K, 0% used [0x00000000e5380000,0x00000000e5380000,0x00000000e5b80000)
 ParOldGen       total 37888K, used 8132K [0x00000000a3000000, 0x00000000a5500000, 0x00000000e1000000)
  object space 37888K, 21% used [0x00000000a3000000,0x00000000a37f10a0,0x00000000a5500000)
 Metaspace       used 33301K, capacity 35338K, committed 35416K, reserved 1081344K
  class space    used 4111K, capacity 4453K, committed 4480K, reserved 1048576K
Event: 24.689 GC heap after
Heap after GC invocations=12 (full 1):
 PSYoungGen      total 77312K, used 1483K [0x00000000e1000000, 0x00000000e8480000, 0x0000000100000000)
  eden space 69120K, 0% used [0x00000000e1000000,0x00000000e1000000,0x00000000e5380000)
  from space 8192K, 18% used [0x00000000e5380000,0x00000000e54f2ee0,0x00000000e5b80000)
  to   space 8192K, 0% used [0x00000000e7c80000,0x00000000e7c80000,0x00000000e8480000)
 ParOldGen       total 37888K, used 12237K [0x00000000a3000000, 0x00000000a5500000, 0x00000000e1000000)
  object space 37888K, 32% used [0x00000000a3000000,0x00000000a3bf3708,0x00000000a5500000)
 Metaspace       used 33301K, capacity 35338K, committed 35416K, reserved 1081344K
  class space    used 4111K, capacity 4453K, committed 4480K, reserved 1048576K
}
Event: 24.689 GC heap before
{Heap before GC invocations=13 (full 2):
 PSYoungGen      total 77312K, used 1483K [0x00000000e1000000, 0x00000000e8480000, 0x0000000100000000)
  eden space 69120K, 0% used [0x00000000e1000000,0x00000000e1000000,0x00000000e5380000)
  from space 8192K, 18% used [0x00000000e5380000,0x00000000e54f2ee0,0x00000000e5b80000)
  to   space 8192K, 0% used [0x00000000e7c80000,0x00000000e7c80000,0x00000000e8480000)
 ParOldGen       total 37888K, used 12237K [0x00000000a3000000, 0x00000000a5500000, 0x00000000e1000000)
  object space 37888K, 32% used [0x00000000a3000000,0x00000000a3bf3708,0x00000000a5500000)
 Metaspace       used 33301K, capacity 35338K, committed 35416K, reserved 1081344K
  class space    used 4111K, capacity 4453K, committed 4480K, reserved 1048576K
Event: 24.749 GC heap after
Heap after GC invocations=13 (full 2):
 PSYoungGen      total 77312K, used 0K [0x00000000e1000000, 0x00000000e8480000, 0x0000000100000000)
  eden space 69120K, 0% used [0x00000000e1000000,0x00000000e1000000,0x00000000e5380000)
  from space 8192K, 0% used [0x00000000e5380000,0x00000000e5380000,0x00000000e5b80000)
  to   space 8192K, 0% used [0x00000000e7c80000,0x00000000e7c80000,0x00000000e8480000)
 ParOldGen       total 52224K, used 11734K [0x00000000a3000000, 0x00000000a6300000, 0x00000000e1000000)
  object space 52224K, 22% used [0x00000000a3000000,0x00000000a3b75aa0,0x00000000a6300000)
 Metaspace       used 33251K, capacity 35176K, committed 35416K, reserved 1081344K
  class space    used 4095K, capacity 4426K, committed 4480K, reserved 1048576K
}

